TN:
SF:src/components/BinaryInput.tsx
FN:11,BinaryInput
FN:26,handleInputChange
FN:30,handleKeyDown
FNF:3
FNH:3
FNDA:8,BinaryInput
FNDA:1,handleInputChange
FNDA:2,handleKeyDown
DA:1,1
DA:11,1
DA:12,8
DA:13,8
DA:14,8
DA:15,8
DA:16,8
DA:17,8
DA:18,8
DA:20,8
DA:21,8
DA:22,8
DA:23,8
DA:24,8
DA:26,8
DA:27,1
DA:28,1
DA:30,8
DA:31,2
DA:32,1
DA:33,1
DA:34,1
DA:35,1
DA:36,2
DA:38,8
DA:39,8
DA:40,8
DA:41,8
DA:42,8
DA:43,8
DA:44,8
DA:45,8
DA:46,8
DA:47,8
DA:48,8
DA:49,8
DA:50,8
DA:51,8
DA:52,8
DA:53,8
DA:54,8
DA:55,8
DA:57,8
DA:58,8
DA:59,2
DA:60,2
DA:61,2
DA:62,2
DA:63,2
DA:64,2
DA:66,2
DA:68,8
DA:69,8
DA:71,8
DA:73,1
LF:55
LH:55
BRDA:11,0,0,8
BRDA:58,1,0,2
BRDA:20,2,0,8
BRDA:26,3,0,1
BRDA:30,4,0,2
BRDA:31,5,0,1
BRF:6
BRH:6
end_of_record
TN:
SF:src/components/Footer.tsx
FN:7,Footer
FNF:1
FNH:1
FNDA:4,Footer
DA:7,1
DA:8,4
DA:9,4
DA:10,4
DA:11,4
DA:12,4
DA:13,4
DA:14,4
DA:15,4
DA:16,4
DA:17,4
DA:18,4
DA:19,4
DA:20,4
DA:22,4
DA:24,1
LF:16
LH:16
BRDA:7,0,0,4
BRF:1
BRH:1
end_of_record
TN:
SF:src/components/ResultDisplay.tsx
FN:10,ResultDisplay
FNF:1
FNH:1
FNDA:4,ResultDisplay
DA:10,1
DA:11,4
DA:12,4
DA:13,4
DA:14,4
DA:15,4
DA:17,4
DA:19,1
LF:8
LH:8
BRDA:10,0,0,4
BRF:1
BRH:1
end_of_record
TN:
SF:src/contexts/ModuloCalculatorContext.tsx
FN:27,ModuloCalculatorProvider
FN:97,useModuloCalculator
FNF:2
FNH:2
FNDA:24,ModuloCalculatorProvider
FNDA:29,useModuloCalculator
DA:1,1
DA:2,1
DA:5,1
DA:20,1
DA:27,1
DA:28,24
DA:29,24
DA:30,24
DA:31,24
DA:32,24
DA:35,24
DA:37,7
DA:39,7
DA:40,3
DA:41,3
DA:42,3
DA:43,3
DA:44,3
DA:45,3
DA:47,4
DA:49,4
DA:52,4
DA:55,4
DA:57,4
DA:58,4
DA:59,4
DA:60,4
DA:61,7
DA:62,2
DA:63,2
DA:64,2
DA:65,2
DA:66,2
DA:67,24
DA:70,24
DA:71,7
DA:72,24
DA:75,24
DA:76,1
DA:77,1
DA:78,1
DA:79,1
DA:80,1
DA:81,24
DA:83,24
DA:84,24
DA:85,24
DA:86,24
DA:87,24
DA:88,24
DA:89,24
DA:90,24
DA:91,24
DA:92,24
DA:94,24
DA:97,1
DA:98,29
DA:100,29
DA:101,2
DA:102,2
DA:104,26
DA:105,26
LF:62
LH:62
BRDA:27,0,0,24
BRDA:35,1,0,7
BRDA:39,2,0,3
BRDA:41,3,0,1
BRDA:45,4,0,4
BRDA:61,5,0,2
BRDA:63,6,0,1
BRDA:63,7,0,1
BRDA:70,8,0,7
BRDA:75,9,0,1
BRDA:97,10,0,29
BRDA:100,11,0,2
BRDA:102,12,0,26
BRF:13
BRH:13
end_of_record
